2024-10-08 19:35:36,168 - Eval_-1_save_embeddings - INFO - saving train embeddings for teacher og on lmaubo, now on stylegan
2024-10-08 19:35:36,577 - Eval_-1_save_embeddings - INFO - saving train embeddings for teacher og on mipgan2, now on lma
2024-10-08 19:35:36,677 - Eval_-1_save_embeddings - INFO - saving train embeddings for teacher og on lmaubo, now on lmaubo
2024-10-08 19:35:54,490 - Eval_-1_save_embeddings - INFO - saving test embeddings for teacher og on mipgan2, now on lma
2024-10-08 19:35:54,641 - Eval_-1_save_embeddings - INFO - saving test embeddings for teacher og on lmaubo, now on stylegan
2024-10-08 19:35:55,273 - Eval_-1_save_embeddings - INFO - saving test embeddings for teacher og on lmaubo, now on lmaubo
2024-10-08 19:41:03,906 - Eval_-1_save_embeddings - INFO - saving train embeddings for teacher og on mipgan2, now on lma
2024-10-08 19:41:04,318 - Eval_-1_save_embeddings - INFO - saving train embeddings for teacher og on lmaubo, now on stylegan
2024-10-08 19:41:04,899 - Eval_-1_save_embeddings - INFO - saving train embeddings for teacher og on lmaubo, now on lmaubo
2024-10-08 19:41:20,645 - Eval_-1_save_embeddings - INFO - saving test embeddings for teacher og on mipgan2, now on lma
2024-10-08 19:41:23,722 - Eval_-1_save_embeddings - INFO - saving test embeddings for teacher og on lmaubo, now on stylegan
2024-10-08 19:41:24,317 - Eval_-1_save_embeddings - INFO - saving test embeddings for teacher og on lmaubo, now on lmaubo
2024-10-08 19:41:45,054 - Eval_-1_save_embeddings - INFO - saving train embeddings for teacher og on mipgan2, now on stylegan
2024-10-08 19:41:45,799 - Eval_-1_save_embeddings - INFO - saving train embeddings for teacher og on lmaubo, now on Morphing_Diffusion_2024
2024-10-08 19:41:46,196 - Eval_-1_save_embeddings - INFO - saving train embeddings for teacher og on lmaubo, now on mipgan2
2024-10-08 19:42:03,385 - Eval_-1_save_embeddings - INFO - saving test embeddings for teacher og on mipgan2, now on stylegan
2024-10-08 19:42:04,381 - Eval_-1_save_embeddings - INFO - saving test embeddings for teacher og on lmaubo, now on Morphing_Diffusion_2024
2024-10-08 19:42:04,660 - Eval_-1_save_embeddings - INFO - saving test embeddings for teacher og on lmaubo, now on mipgan2
2024-10-08 19:42:25,507 - Eval_-1_save_embeddings - INFO - saving train embeddings for teacher og on mipgan2, now on Morphing_Diffusion_2024
2024-10-08 19:42:26,856 - Eval_-1_save_embeddings - INFO - saving train embeddings for teacher og on lmaubo, now on mordiff
2024-10-08 19:42:27,025 - Eval_-1_save_embeddings - INFO - saving train embeddings for teacher og on mipgan2, now on lmaubo
2024-10-08 19:42:42,007 - Eval_-1_save_embeddings - INFO - saving test embeddings for teacher og on mipgan2, now on Morphing_Diffusion_2024
2024-10-08 19:42:44,742 - Eval_-1_save_embeddings - INFO - saving test embeddings for teacher og on lmaubo, now on mordiff
2024-10-08 19:42:44,998 - Eval_-1_save_embeddings - INFO - saving test embeddings for teacher og on mipgan2, now on lmaubo
2024-10-08 19:43:06,985 - Eval_-1_save_embeddings - INFO - saving train embeddings for teacher og on mordiff, now on lmaubo
2024-10-08 19:43:08,842 - Eval_-1_save_embeddings - INFO - saving train embeddings for teacher og on lmaubo, now on pipe
2024-10-08 19:43:09,192 - Eval_-1_save_embeddings - INFO - saving train embeddings for teacher og on mipgan2, now on mipgan2
2024-10-08 19:43:22,560 - Eval_-1_save_embeddings - INFO - saving test embeddings for teacher og on mordiff, now on lmaubo
2024-10-08 19:43:28,314 - Eval_-1_save_embeddings - INFO - saving test embeddings for teacher og on lmaubo, now on pipe
2024-10-08 19:43:28,399 - Eval_-1_save_embeddings - INFO - saving test embeddings for teacher og on mipgan2, now on mipgan2
2024-10-08 19:43:34,957 - Eval_-1_save_embeddings - INFO - saving train embeddings for teacher og on mordiff, now on mipgan2
2024-10-08 19:43:50,729 - Eval_-1_save_embeddings - INFO - saving train embeddings for teacher og on mipgan2, now on mordiff
2024-10-08 19:43:51,131 - Eval_-1_save_embeddings - INFO - saving train embeddings for teacher og on lmaubo, now on lma
2024-10-08 19:43:52,224 - Eval_-1_save_embeddings - INFO - saving test embeddings for teacher og on mordiff, now on mipgan2
2024-10-08 19:44:06,301 - Eval_-1_save_embeddings - INFO - saving test embeddings for teacher og on lmaubo, now on lma
2024-10-08 19:44:06,550 - Eval_-1_save_embeddings - INFO - saving test embeddings for teacher og on mipgan2, now on mordiff
2024-10-08 19:44:09,429 - Eval_-1_save_embeddings - INFO - saving train embeddings for teacher og on mordiff, now on mordiff
2024-10-08 19:44:25,899 - Eval_-1_save_embeddings - INFO - saving test embeddings for teacher og on mordiff, now on mordiff
2024-10-08 19:44:27,694 - Eval_-1_save_embeddings - INFO - saving train embeddings for teacher og on mipgan2, now on pipe
2024-10-08 19:44:33,176 - Eval_-1_save_embeddings - INFO - saving train embeddings for teacher og on pipe, now on lmaubo
2024-10-08 19:44:46,576 - Eval_-1_save_embeddings - INFO - saving test embeddings for teacher og on mipgan2, now on pipe
2024-10-08 19:44:49,712 - Eval_-1_save_embeddings - INFO - saving train embeddings for teacher og on mordiff, now on pipe
2024-10-08 19:44:51,371 - Eval_-1_save_embeddings - INFO - saving test embeddings for teacher og on pipe, now on lmaubo
2024-10-08 19:45:05,541 - Eval_-1_save_embeddings - INFO - saving test embeddings for teacher og on mordiff, now on pipe
2024-10-08 19:45:06,994 - Eval_-1_save_embeddings - INFO - saving train embeddings for teacher og on pipe, now on stylegan
2024-10-08 19:45:09,322 - Eval_-1_save_embeddings - INFO - saving train embeddings for teacher og on pipe, now on mipgan2
2024-10-08 19:45:21,591 - Eval_-1_save_embeddings - INFO - saving test embeddings for teacher og on pipe, now on stylegan
2024-10-08 19:45:26,185 - Eval_-1_save_embeddings - INFO - saving test embeddings for teacher og on pipe, now on mipgan2
2024-10-08 19:45:26,468 - Eval_-1_save_embeddings - INFO - saving train embeddings for teacher og on mordiff, now on lma
2024-10-08 19:45:39,524 - Eval_-1_save_embeddings - INFO - saving train embeddings for teacher og on pipe, now on Morphing_Diffusion_2024
2024-10-08 19:45:41,581 - Eval_-1_save_embeddings - INFO - saving test embeddings for teacher og on mordiff, now on lma
2024-10-08 19:45:45,487 - Eval_-1_save_embeddings - INFO - saving train embeddings for teacher og on pipe, now on mordiff
2024-10-08 19:45:50,229 - Eval_-1_save_embeddings - INFO - saving test embeddings for teacher og on pipe, now on Morphing_Diffusion_2024
2024-10-08 19:45:58,389 - Eval_-1_save_embeddings - INFO - saving test embeddings for teacher og on pipe, now on mordiff
2024-10-08 19:46:02,576 - Eval_-1_save_embeddings - INFO - saving train embeddings for teacher og on mordiff, now on stylegan
2024-10-08 19:46:05,828 - Eval_-1_save_embeddings - INFO - saving train embeddings for teacher og on lma, now on lmaubo
2024-10-08 19:46:19,846 - Eval_-1_save_embeddings - INFO - saving train embeddings for teacher og on pipe, now on pipe
2024-10-08 19:46:20,050 - Eval_-1_save_embeddings - INFO - saving test embeddings for teacher og on mordiff, now on stylegan
2024-10-08 19:46:21,728 - Eval_-1_save_embeddings - INFO - saving test embeddings for teacher og on lma, now on lmaubo
2024-10-08 19:46:29,247 - Eval_-1_save_embeddings - INFO - saving test embeddings for teacher og on pipe, now on pipe
2024-10-08 19:46:37,940 - Eval_-1_save_embeddings - INFO - saving train embeddings for teacher og on mordiff, now on Morphing_Diffusion_2024
2024-10-08 19:46:40,306 - Eval_-1_save_embeddings - INFO - saving train embeddings for teacher og on lma, now on mipgan2
2024-10-08 19:46:48,828 - Eval_-1_save_embeddings - INFO - saving train embeddings for teacher og on pipe, now on lma
2024-10-08 19:46:54,834 - Eval_-1_save_embeddings - INFO - saving test embeddings for teacher og on mordiff, now on Morphing_Diffusion_2024
2024-10-08 19:46:56,997 - Eval_-1_save_embeddings - INFO - saving test embeddings for teacher og on lma, now on mipgan2
2024-10-08 19:46:59,814 - Eval_-1_save_embeddings - INFO - saving test embeddings for teacher og on pipe, now on lma
2024-10-08 19:47:11,018 - Eval_-1_save_embeddings - INFO - saving train embeddings for teacher og on lma, now on lma
2024-10-08 19:47:14,928 - Eval_-1_save_embeddings - INFO - saving train embeddings for teacher og on post_process, now on mordiff
2024-10-08 19:47:15,391 - Eval_-1_save_embeddings - INFO - saving train embeddings for teacher og on lma, now on mordiff
2024-10-08 19:47:22,748 - Eval_-1_save_embeddings - INFO - saving test embeddings for teacher og on lma, now on lma
2024-10-08 19:47:23,084 - Eval_-1_save_embeddings - INFO - saving test embeddings for teacher og on post_process, now on mordiff
2024-10-08 19:47:26,758 - Eval_-1_save_embeddings - INFO - saving test embeddings for teacher og on lma, now on mordiff
2024-10-08 19:47:31,918 - Eval_-1_save_embeddings - INFO - saving train embeddings for teacher og on post_process, now on pipe
2024-10-08 19:47:40,667 - Eval_-1_save_embeddings - INFO - saving test embeddings for teacher og on post_process, now on pipe
2024-10-08 19:47:44,676 - Eval_-1_save_embeddings - INFO - saving train embeddings for teacher og on lma, now on stylegan
2024-10-08 19:47:45,529 - Eval_-1_save_embeddings - INFO - saving train embeddings for teacher og on lma, now on pipe
2024-10-08 19:47:53,495 - Eval_-1_save_embeddings - INFO - saving train embeddings for teacher og on post_process, now on lma
2024-10-08 19:48:00,341 - Eval_-1_save_embeddings - INFO - saving test embeddings for teacher og on lma, now on stylegan
2024-10-08 19:48:01,279 - Eval_-1_save_embeddings - INFO - saving test embeddings for teacher og on post_process, now on lma
2024-10-08 19:48:02,154 - Eval_-1_save_embeddings - INFO - saving test embeddings for teacher og on lma, now on pipe
2024-10-08 19:48:13,661 - Eval_-1_save_embeddings - INFO - saving train embeddings for teacher og on post_process, now on post_process
2024-10-08 19:48:19,134 - Eval_-1_save_embeddings - INFO - saving train embeddings for teacher og on lma, now on Morphing_Diffusion_2024
2024-10-08 19:48:21,057 - Eval_-1_save_embeddings - INFO - saving test embeddings for teacher og on post_process, now on post_process
2024-10-08 19:48:21,829 - Eval_-1_save_embeddings - INFO - saving train embeddings for teacher og on stylegan, now on lmaubo
2024-10-08 19:48:30,789 - Eval_-1_save_embeddings - INFO - saving test embeddings for teacher og on lma, now on Morphing_Diffusion_2024
2024-10-08 19:48:33,135 - Eval_-1_save_embeddings - INFO - saving train embeddings for teacher og on post_process, now on stylegan
2024-10-08 19:48:34,756 - Eval_-1_save_embeddings - INFO - saving test embeddings for teacher og on stylegan, now on lmaubo
2024-10-08 19:48:37,716 - Eval_-1_save_embeddings - INFO - saving test embeddings for teacher og on post_process, now on stylegan
2024-10-08 19:48:40,327 - Eval_-1_save_embeddings - INFO - saving train embeddings for teacher og on post_process, now on lmaubo
2024-10-08 19:48:47,696 - Eval_-1_save_embeddings - INFO - saving test embeddings for teacher og on post_process, now on lmaubo
2024-10-08 19:48:50,177 - Eval_-1_save_embeddings - INFO - saving train embeddings for teacher og on post_process, now on Morphing_Diffusion_2024
2024-10-08 19:48:50,899 - Eval_-1_save_embeddings - INFO - saving train embeddings for teacher og on stylegan, now on mipgan2
2024-10-08 19:48:56,901 - Eval_-1_save_embeddings - INFO - saving test embeddings for teacher og on post_process, now on Morphing_Diffusion_2024
2024-10-08 19:49:00,269 - Eval_-1_save_embeddings - INFO - saving train embeddings for teacher og on post_process, now on mipgan2
2024-10-08 19:49:02,610 - Eval_-1_save_embeddings - INFO - saving test embeddings for teacher og on stylegan, now on mipgan2
2024-10-08 19:49:06,229 - Eval_-1_save_embeddings - INFO - saving test embeddings for teacher og on post_process, now on mipgan2
2024-10-08 19:49:11,390 - Eval_-1_save_embeddings - INFO - saving train embeddings for teacher og on stylegan, now on stylegan
2024-10-08 19:49:20,653 - Eval_-1_save_embeddings - INFO - saving train embeddings for teacher og on stylegan, now on mordiff
2024-10-08 19:49:27,486 - Eval_-1_save_embeddings - INFO - saving train embeddings for teacher og on Morphing_Diffusion_2024, now on lma
2024-10-08 19:49:28,867 - Eval_-1_save_embeddings - INFO - saving test embeddings for teacher og on stylegan, now on stylegan
2024-10-08 19:49:34,088 - Eval_-1_save_embeddings - INFO - saving test embeddings for teacher og on stylegan, now on mordiff
2024-10-08 19:49:38,920 - Eval_-1_save_embeddings - INFO - saving test embeddings for teacher og on Morphing_Diffusion_2024, now on lma
2024-10-08 19:49:43,824 - Eval_-1_save_embeddings - INFO - saving train embeddings for teacher og on stylegan, now on Morphing_Diffusion_2024
2024-10-08 19:49:48,740 - Eval_-1_save_embeddings - INFO - saving train embeddings for teacher og on stylegan, now on pipe
2024-10-08 19:49:59,319 - Eval_-1_save_embeddings - INFO - saving test embeddings for teacher og on stylegan, now on Morphing_Diffusion_2024
2024-10-08 19:50:02,688 - Eval_-1_save_embeddings - INFO - saving train embeddings for teacher og on Morphing_Diffusion_2024, now on stylegan
2024-10-08 19:50:03,949 - Eval_-1_save_embeddings - INFO - saving test embeddings for teacher og on stylegan, now on pipe
2024-10-08 19:50:17,263 - Eval_-1_save_embeddings - INFO - saving test embeddings for teacher og on Morphing_Diffusion_2024, now on stylegan
2024-10-08 19:50:19,393 - Eval_-1_save_embeddings - INFO - saving train embeddings for teacher og on Morphing_Diffusion_2024, now on lmaubo
2024-10-08 19:50:21,593 - Eval_-1_save_embeddings - INFO - saving train embeddings for teacher og on stylegan, now on lma
2024-10-08 19:50:35,197 - Eval_-1_save_embeddings - INFO - saving test embeddings for teacher og on Morphing_Diffusion_2024, now on lmaubo
2024-10-08 19:50:38,186 - Eval_-1_save_embeddings - INFO - saving test embeddings for teacher og on stylegan, now on lma
2024-10-08 19:50:38,684 - Eval_-1_save_embeddings - INFO - saving train embeddings for teacher og on Morphing_Diffusion_2024, now on Morphing_Diffusion_2024
2024-10-08 19:50:51,977 - Eval_-1_save_embeddings - INFO - saving test embeddings for teacher og on Morphing_Diffusion_2024, now on Morphing_Diffusion_2024
2024-10-08 19:50:52,525 - Eval_-1_save_embeddings - INFO - saving train embeddings for teacher og on Morphing_Diffusion_2024, now on mipgan2
2024-10-08 19:50:59,614 - Eval_-1_save_embeddings - INFO - saving test embeddings for teacher og on Morphing_Diffusion_2024, now on mipgan2
2024-10-08 19:51:10,371 - Eval_-1_save_embeddings - INFO - saving train embeddings for teacher og on Morphing_Diffusion_2024, now on mordiff
2024-10-08 19:51:17,865 - Eval_-1_save_embeddings - INFO - saving test embeddings for teacher og on Morphing_Diffusion_2024, now on mordiff
2024-10-08 19:51:29,396 - Eval_-1_save_embeddings - INFO - saving train embeddings for teacher og on Morphing_Diffusion_2024, now on pipe
2024-10-08 19:51:36,788 - Eval_-1_save_embeddings - INFO - saving test embeddings for teacher og on Morphing_Diffusion_2024, now on pipe
2024-10-08 19:57:58,123 - Eval_-1_save_embeddings - INFO - saving train embeddings for teacher og on lmaubo, now on post_process
2024-10-08 19:57:58,272 - Eval_-1_save_embeddings - INFO - saving train embeddings for teacher og on mordiff, now on post_process
2024-10-08 19:57:58,344 - Eval_-1_save_embeddings - INFO - saving train embeddings for teacher og on mipgan2, now on post_process
2024-10-08 19:58:07,071 - Eval_-1_save_embeddings - INFO - saving test embeddings for teacher og on mordiff, now on post_process
2024-10-08 19:58:07,109 - Eval_-1_save_embeddings - INFO - saving test embeddings for teacher og on lmaubo, now on post_process
2024-10-08 19:58:07,181 - Eval_-1_save_embeddings - INFO - saving test embeddings for teacher og on mipgan2, now on post_process
2024-10-08 19:58:20,125 - Eval_-1_save_embeddings - INFO - saving train embeddings for teacher og on post_process, now on post_process
2024-10-08 19:58:20,141 - Eval_-1_save_embeddings - INFO - saving train embeddings for teacher og on lma, now on post_process
2024-10-08 19:58:20,608 - Eval_-1_save_embeddings - INFO - saving train embeddings for teacher og on pipe, now on post_process
2024-10-08 19:58:28,338 - Eval_-1_save_embeddings - INFO - saving test embeddings for teacher og on post_process, now on post_process
2024-10-08 19:58:28,833 - Eval_-1_save_embeddings - INFO - saving test embeddings for teacher og on lma, now on post_process
2024-10-08 19:58:28,850 - Eval_-1_save_embeddings - INFO - saving test embeddings for teacher og on pipe, now on post_process
2024-10-08 19:58:39,560 - Eval_-1_save_embeddings - INFO - saving train embeddings for teacher og on Morphing_Diffusion_2024, now on post_process
2024-10-08 19:58:39,652 - Eval_-1_save_embeddings - INFO - saving train embeddings for teacher og on stylegan, now on post_process
2024-10-08 19:58:45,677 - Eval_-1_save_embeddings - INFO - saving test embeddings for teacher og on Morphing_Diffusion_2024, now on post_process
2024-10-08 19:58:45,860 - Eval_-1_save_embeddings - INFO - saving test embeddings for teacher og on stylegan, now on post_process
2024-10-14 09:29:46,688 - Eval_-1_save_embeddings - INFO - saving train embeddings for teacher og on mipgan2, now on lma
2024-10-14 09:29:47,077 - Eval_-1_save_embeddings - INFO - saving train embeddings for teacher og on lmaubo, now on lmaubo
2024-10-14 09:29:47,099 - Eval_-1_save_embeddings - INFO - saving train embeddings for teacher og on lmaubo, now on stylegan
2024-10-14 09:30:04,399 - Eval_-1_save_embeddings - INFO - saving test embeddings for teacher og on mipgan2, now on lma
2024-10-14 09:30:05,793 - Eval_-1_save_embeddings - INFO - saving test embeddings for teacher og on lmaubo, now on lmaubo
2024-10-14 09:30:05,799 - Eval_-1_save_embeddings - INFO - saving test embeddings for teacher og on lmaubo, now on stylegan
2024-10-14 09:30:16,977 - Eval_-1_save_embeddings - INFO - saving train embeddings for teacher og on mipgan2, now on post_process
2024-10-14 09:30:27,066 - Eval_-1_save_embeddings - INFO - saving train embeddings for teacher og on lmaubo, now on Morphing_Diffusion_2024
2024-10-14 09:30:27,113 - Eval_-1_save_embeddings - INFO - saving train embeddings for teacher og on lmaubo, now on mipgan2
2024-10-14 09:30:27,724 - Eval_-1_save_embeddings - INFO - saving test embeddings for teacher og on mipgan2, now on post_process
2024-10-14 09:30:42,868 - Eval_-1_save_embeddings - INFO - saving test embeddings for teacher og on lmaubo, now on Morphing_Diffusion_2024
2024-10-14 09:30:43,609 - Eval_-1_save_embeddings - INFO - saving test embeddings for teacher og on lmaubo, now on mipgan2
2024-10-14 09:30:45,708 - Eval_-1_save_embeddings - INFO - saving train embeddings for teacher og on mipgan2, now on stylegan
2024-10-14 09:31:01,936 - Eval_-1_save_embeddings - INFO - saving test embeddings for teacher og on mipgan2, now on stylegan
2024-10-14 09:31:04,358 - Eval_-1_save_embeddings - INFO - saving train embeddings for teacher og on mipgan2, now on lmaubo
2024-10-14 09:31:04,609 - Eval_-1_save_embeddings - INFO - saving train embeddings for teacher og on lmaubo, now on mordiff
2024-10-14 09:31:21,196 - Eval_-1_save_embeddings - INFO - saving test embeddings for teacher og on mipgan2, now on lmaubo
2024-10-14 09:31:22,559 - Eval_-1_save_embeddings - INFO - saving test embeddings for teacher og on lmaubo, now on mordiff
2024-10-14 09:31:23,224 - Eval_-1_save_embeddings - INFO - saving train embeddings for teacher og on mipgan2, now on Morphing_Diffusion_2024
2024-10-14 09:31:37,880 - Eval_-1_save_embeddings - INFO - saving test embeddings for teacher og on mipgan2, now on Morphing_Diffusion_2024
2024-10-14 09:31:41,170 - Eval_-1_save_embeddings - INFO - saving train embeddings for teacher og on mipgan2, now on mipgan2
2024-10-14 09:31:41,897 - Eval_-1_save_embeddings - INFO - saving train embeddings for teacher og on lmaubo, now on pipe
2024-10-14 09:31:59,000 - Eval_-1_save_embeddings - INFO - saving test embeddings for teacher og on mipgan2, now on mipgan2
2024-10-14 09:32:00,140 - Eval_-1_save_embeddings - INFO - saving train embeddings for teacher og on mordiff, now on lmaubo
2024-10-14 09:32:00,349 - Eval_-1_save_embeddings - INFO - saving test embeddings for teacher og on lmaubo, now on pipe
2024-10-14 09:32:10,258 - Eval_-1_save_embeddings - INFO - saving test embeddings for teacher og on mordiff, now on lmaubo
2024-10-14 09:32:17,929 - Eval_-1_save_embeddings - INFO - saving train embeddings for teacher og on mipgan2, now on mordiff
2024-10-14 09:32:19,247 - Eval_-1_save_embeddings - INFO - saving train embeddings for teacher og on lmaubo, now on lma
2024-10-14 09:32:29,016 - Eval_-1_save_embeddings - INFO - saving train embeddings for teacher og on mordiff, now on mipgan2
2024-10-14 09:32:34,955 - Eval_-1_save_embeddings - INFO - saving test embeddings for teacher og on mipgan2, now on mordiff
2024-10-14 09:32:36,589 - Eval_-1_save_embeddings - INFO - saving test embeddings for teacher og on lmaubo, now on lma
2024-10-14 09:32:39,855 - Eval_-1_save_embeddings - INFO - saving test embeddings for teacher og on mordiff, now on mipgan2
2024-10-14 09:32:51,678 - Eval_-1_save_embeddings - INFO - saving train embeddings for teacher og on lmaubo, now on post_process
2024-10-14 09:32:52,171 - Eval_-1_save_embeddings - INFO - saving train embeddings for teacher og on mipgan2, now on pipe
2024-10-14 09:32:57,612 - Eval_-1_save_embeddings - INFO - saving train embeddings for teacher og on mordiff, now on mordiff
2024-10-14 09:33:01,885 - Eval_-1_save_embeddings - INFO - saving test embeddings for teacher og on lmaubo, now on post_process
2024-10-14 09:33:07,530 - Eval_-1_save_embeddings - INFO - saving test embeddings for teacher og on mipgan2, now on pipe
2024-10-14 09:33:10,433 - Eval_-1_save_embeddings - INFO - saving test embeddings for teacher og on mordiff, now on mordiff
2024-10-14 09:33:15,847 - Eval_-1_save_embeddings - INFO - saving train embeddings for teacher og on pipe, now on lmaubo
2024-10-14 09:33:26,233 - Eval_-1_save_embeddings - INFO - saving train embeddings for teacher og on pipe, now on stylegan
2024-10-14 09:33:30,558 - Eval_-1_save_embeddings - INFO - saving train embeddings for teacher og on mordiff, now on pipe
2024-10-14 09:33:32,442 - Eval_-1_save_embeddings - INFO - saving test embeddings for teacher og on pipe, now on lmaubo
2024-10-14 09:33:39,808 - Eval_-1_save_embeddings - INFO - saving test embeddings for teacher og on pipe, now on stylegan
2024-10-14 09:33:43,999 - Eval_-1_save_embeddings - INFO - saving test embeddings for teacher og on mordiff, now on pipe
2024-10-14 09:33:47,902 - Eval_-1_save_embeddings - INFO - saving train embeddings for teacher og on pipe, now on mipgan2
2024-10-14 09:33:56,504 - Eval_-1_save_embeddings - INFO - saving train embeddings for teacher og on pipe, now on Morphing_Diffusion_2024
2024-10-14 09:34:04,861 - Eval_-1_save_embeddings - INFO - saving train embeddings for teacher og on mordiff, now on lma
2024-10-14 09:34:05,138 - Eval_-1_save_embeddings - INFO - saving test embeddings for teacher og on pipe, now on mipgan2
2024-10-14 09:34:09,455 - Eval_-1_save_embeddings - INFO - saving test embeddings for teacher og on pipe, now on Morphing_Diffusion_2024
2024-10-14 09:34:16,753 - Eval_-1_save_embeddings - INFO - saving test embeddings for teacher og on mordiff, now on lma
2024-10-14 09:34:22,229 - Eval_-1_save_embeddings - INFO - saving train embeddings for teacher og on pipe, now on mordiff
2024-10-14 09:34:26,334 - Eval_-1_save_embeddings - INFO - saving train embeddings for teacher og on lma, now on lmaubo
2024-10-14 09:34:31,258 - Eval_-1_save_embeddings - INFO - saving train embeddings for teacher og on mordiff, now on post_process
2024-10-14 09:34:38,277 - Eval_-1_save_embeddings - INFO - saving test embeddings for teacher og on pipe, now on mordiff
2024-10-14 09:34:40,798 - Eval_-1_save_embeddings - INFO - saving test embeddings for teacher og on lma, now on lmaubo
2024-10-14 09:34:41,198 - Eval_-1_save_embeddings - INFO - saving test embeddings for teacher og on mordiff, now on post_process
2024-10-14 09:34:54,005 - Eval_-1_save_embeddings - INFO - saving train embeddings for teacher og on pipe, now on pipe
2024-10-14 09:35:02,116 - Eval_-1_save_embeddings - INFO - saving train embeddings for teacher og on lma, now on mipgan2
2024-10-14 09:35:02,302 - Eval_-1_save_embeddings - INFO - saving train embeddings for teacher og on mordiff, now on stylegan
2024-10-14 09:35:07,417 - Eval_-1_save_embeddings - INFO - saving test embeddings for teacher og on pipe, now on pipe
2024-10-14 09:35:15,906 - Eval_-1_save_embeddings - INFO - saving test embeddings for teacher og on lma, now on mipgan2
2024-10-14 09:35:16,991 - Eval_-1_save_embeddings - INFO - saving test embeddings for teacher og on mordiff, now on stylegan
2024-10-14 09:35:21,080 - Eval_-1_save_embeddings - INFO - saving train embeddings for teacher og on pipe, now on lma
2024-10-14 09:35:35,926 - Eval_-1_save_embeddings - INFO - saving train embeddings for teacher og on lma, now on mordiff
2024-10-14 09:35:37,954 - Eval_-1_save_embeddings - INFO - saving train embeddings for teacher og on mordiff, now on Morphing_Diffusion_2024
2024-10-14 09:35:38,466 - Eval_-1_save_embeddings - INFO - saving test embeddings for teacher og on pipe, now on lma
2024-10-14 09:35:47,216 - Eval_-1_save_embeddings - INFO - saving test embeddings for teacher og on lma, now on mordiff
2024-10-14 09:35:51,561 - Eval_-1_save_embeddings - INFO - saving test embeddings for teacher og on mordiff, now on Morphing_Diffusion_2024
2024-10-14 09:35:52,072 - Eval_-1_save_embeddings - INFO - saving train embeddings for teacher og on pipe, now on post_process
2024-10-14 09:36:02,336 - Eval_-1_save_embeddings - INFO - saving test embeddings for teacher og on pipe, now on post_process
2024-10-14 09:36:03,783 - Eval_-1_save_embeddings - INFO - saving train embeddings for teacher og on lma, now on pipe
2024-10-14 09:36:07,524 - Eval_-1_save_embeddings - INFO - saving train embeddings for teacher og on lma, now on lma
2024-10-14 09:36:13,619 - Eval_-1_save_embeddings - INFO - saving test embeddings for teacher og on lma, now on pipe
2024-10-14 09:36:16,759 - Eval_-1_save_embeddings - INFO - saving test embeddings for teacher og on lma, now on lma
2024-10-14 09:36:21,581 - Eval_-1_save_embeddings - INFO - saving train embeddings for teacher og on post_process, now on post_process
2024-10-14 09:36:31,571 - Eval_-1_save_embeddings - INFO - saving train embeddings for teacher og on stylegan, now on lmaubo
2024-10-14 09:36:32,556 - Eval_-1_save_embeddings - INFO - saving train embeddings for teacher og on lma, now on post_process
2024-10-14 09:36:32,772 - Eval_-1_save_embeddings - INFO - saving test embeddings for teacher og on post_process, now on post_process
2024-10-14 09:36:41,398 - Eval_-1_save_embeddings - INFO - saving test embeddings for teacher og on lma, now on post_process
2024-10-14 09:36:42,247 - Eval_-1_save_embeddings - INFO - saving test embeddings for teacher og on stylegan, now on lmaubo
2024-10-14 09:36:54,098 - Eval_-1_save_embeddings - INFO - saving train embeddings for teacher og on stylegan, now on stylegan
2024-10-14 09:37:02,140 - Eval_-1_save_embeddings - INFO - saving train embeddings for teacher og on lma, now on stylegan
2024-10-14 09:37:02,927 - Eval_-1_save_embeddings - INFO - saving train embeddings for teacher og on stylegan, now on mipgan2
2024-10-14 09:37:08,454 - Eval_-1_save_embeddings - INFO - saving test embeddings for teacher og on stylegan, now on stylegan
2024-10-14 09:37:15,529 - Eval_-1_save_embeddings - INFO - saving test embeddings for teacher og on lma, now on stylegan
2024-10-14 09:37:17,550 - Eval_-1_save_embeddings - INFO - saving test embeddings for teacher og on stylegan, now on mipgan2
2024-10-14 09:37:21,724 - Eval_-1_save_embeddings - INFO - saving train embeddings for teacher og on stylegan, now on Morphing_Diffusion_2024
2024-10-14 09:37:33,859 - Eval_-1_save_embeddings - INFO - saving train embeddings for teacher og on lma, now on Morphing_Diffusion_2024
2024-10-14 09:37:38,612 - Eval_-1_save_embeddings - INFO - saving train embeddings for teacher og on stylegan, now on mordiff
2024-10-14 09:37:38,997 - Eval_-1_save_embeddings - INFO - saving test embeddings for teacher og on stylegan, now on Morphing_Diffusion_2024
2024-10-14 09:37:44,695 - Eval_-1_save_embeddings - INFO - saving test embeddings for teacher og on lma, now on Morphing_Diffusion_2024
2024-10-14 09:37:51,108 - Eval_-1_save_embeddings - INFO - saving test embeddings for teacher og on stylegan, now on mordiff
2024-10-14 09:37:53,379 - Eval_-1_save_embeddings - INFO - saving train embeddings for teacher og on Morphing_Diffusion_2024, now on lmaubo
2024-10-14 09:38:09,556 - Eval_-1_save_embeddings - INFO - saving test embeddings for teacher og on Morphing_Diffusion_2024, now on lmaubo
2024-10-14 09:38:12,040 - Eval_-1_save_embeddings - INFO - saving train embeddings for teacher og on Morphing_Diffusion_2024, now on lma
2024-10-14 09:38:12,244 - Eval_-1_save_embeddings - INFO - saving train embeddings for teacher og on stylegan, now on pipe
2024-10-14 09:38:29,861 - Eval_-1_save_embeddings - INFO - saving test embeddings for teacher og on Morphing_Diffusion_2024, now on lma
2024-10-14 09:38:30,664 - Eval_-1_save_embeddings - INFO - saving test embeddings for teacher og on stylegan, now on pipe
2024-10-14 09:38:31,109 - Eval_-1_save_embeddings - INFO - saving train embeddings for teacher og on Morphing_Diffusion_2024, now on mipgan2
2024-10-14 09:38:43,540 - Eval_-1_save_embeddings - INFO - saving test embeddings for teacher og on Morphing_Diffusion_2024, now on mipgan2
2024-10-14 09:38:45,398 - Eval_-1_save_embeddings - INFO - saving train embeddings for teacher og on Morphing_Diffusion_2024, now on post_process
2024-10-14 09:38:47,624 - Eval_-1_save_embeddings - INFO - saving train embeddings for teacher og on stylegan, now on lma
2024-10-14 09:38:53,647 - Eval_-1_save_embeddings - INFO - saving test embeddings for teacher og on Morphing_Diffusion_2024, now on post_process
2024-10-14 09:39:02,879 - Eval_-1_save_embeddings - INFO - saving train embeddings for teacher og on Morphing_Diffusion_2024, now on mordiff
2024-10-14 09:39:03,230 - Eval_-1_save_embeddings - INFO - saving test embeddings for teacher og on stylegan, now on lma
2024-10-14 09:39:09,535 - Eval_-1_save_embeddings - INFO - saving train embeddings for teacher og on Morphing_Diffusion_2024, now on stylegan
2024-10-14 09:39:18,303 - Eval_-1_save_embeddings - INFO - saving test embeddings for teacher og on Morphing_Diffusion_2024, now on mordiff
2024-10-14 09:39:18,736 - Eval_-1_save_embeddings - INFO - saving train embeddings for teacher og on stylegan, now on post_process
2024-10-14 09:39:22,392 - Eval_-1_save_embeddings - INFO - saving test embeddings for teacher og on Morphing_Diffusion_2024, now on stylegan
2024-10-14 09:39:25,422 - Eval_-1_save_embeddings - INFO - saving test embeddings for teacher og on stylegan, now on post_process
2024-10-14 09:39:32,022 - Eval_-1_save_embeddings - INFO - saving train embeddings for teacher og on Morphing_Diffusion_2024, now on pipe
2024-10-14 09:39:36,566 - Eval_-1_save_embeddings - INFO - saving train embeddings for teacher og on Morphing_Diffusion_2024, now on Morphing_Diffusion_2024
2024-10-14 09:39:42,695 - Eval_-1_save_embeddings - INFO - saving test embeddings for teacher og on Morphing_Diffusion_2024, now on pipe
2024-10-14 09:39:45,964 - Eval_-1_save_embeddings - INFO - saving test embeddings for teacher og on Morphing_Diffusion_2024, now on Morphing_Diffusion_2024
2024-10-14 10:04:50,183 - Eval_-1_save_embeddings - INFO - saving train embeddings for teacher og on mipgan2, now on lma
2024-10-14 10:04:50,191 - Eval_-1_save_embeddings - INFO - saving train embeddings for teacher og on lmaubo, now on stylegan
2024-10-14 10:04:50,217 - Eval_-1_save_embeddings - INFO - saving train embeddings for teacher og on lmaubo, now on lmaubo
2024-10-14 10:05:09,357 - Eval_-1_save_embeddings - INFO - saving test embeddings for teacher og on mipgan2, now on lma
2024-10-14 10:05:09,667 - Eval_-1_save_embeddings - INFO - saving test embeddings for teacher og on lmaubo, now on stylegan
2024-10-14 10:05:09,711 - Eval_-1_save_embeddings - INFO - saving test embeddings for teacher og on lmaubo, now on lmaubo
2024-10-14 10:05:26,110 - Eval_-1_save_embeddings - INFO - saving train embeddings for teacher og on mipgan2, now on post_process
2024-10-14 10:05:31,445 - Eval_-1_save_embeddings - INFO - saving train embeddings for teacher og on lmaubo, now on mipgan2
2024-10-14 10:05:31,470 - Eval_-1_save_embeddings - INFO - saving train embeddings for teacher og on lmaubo, now on Morphing_Diffusion_2024
2024-10-14 10:05:33,572 - Eval_-1_save_embeddings - INFO - saving test embeddings for teacher og on mipgan2, now on post_process
2024-10-14 10:05:46,837 - Eval_-1_save_embeddings - INFO - saving test embeddings for teacher og on lmaubo, now on mipgan2
2024-10-14 10:05:47,232 - Eval_-1_save_embeddings - INFO - saving test embeddings for teacher og on lmaubo, now on Morphing_Diffusion_2024
2024-10-14 10:05:50,010 - Eval_-1_save_embeddings - INFO - saving train embeddings for teacher og on mipgan2, now on stylegan
2024-10-14 10:06:07,424 - Eval_-1_save_embeddings - INFO - saving test embeddings for teacher og on mipgan2, now on stylegan
2024-10-14 10:06:09,297 - Eval_-1_save_embeddings - INFO - saving train embeddings for teacher og on mipgan2, now on lmaubo
2024-10-14 10:06:09,313 - Eval_-1_save_embeddings - INFO - saving train embeddings for teacher og on lmaubo, now on mordiff
2024-10-14 10:06:26,560 - Eval_-1_save_embeddings - INFO - saving test embeddings for teacher og on mipgan2, now on lmaubo
2024-10-14 10:06:27,480 - Eval_-1_save_embeddings - INFO - saving test embeddings for teacher og on lmaubo, now on mordiff
2024-10-14 10:06:28,274 - Eval_-1_save_embeddings - INFO - saving train embeddings for teacher og on mipgan2, now on Morphing_Diffusion_2024
2024-10-14 10:06:41,462 - Eval_-1_save_embeddings - INFO - saving test embeddings for teacher og on mipgan2, now on Morphing_Diffusion_2024
2024-10-14 10:06:45,757 - Eval_-1_save_embeddings - INFO - saving train embeddings for teacher og on mipgan2, now on mipgan2
2024-10-14 10:06:46,563 - Eval_-1_save_embeddings - INFO - saving train embeddings for teacher og on lmaubo, now on pipe
2024-10-14 10:07:01,516 - Eval_-1_save_embeddings - INFO - saving train embeddings for teacher og on mordiff, now on lmaubo
2024-10-14 10:07:03,352 - Eval_-1_save_embeddings - INFO - saving test embeddings for teacher og on mipgan2, now on mipgan2
2024-10-14 10:07:03,972 - Eval_-1_save_embeddings - INFO - saving test embeddings for teacher og on lmaubo, now on pipe
2024-10-14 10:07:09,080 - Eval_-1_save_embeddings - INFO - saving test embeddings for teacher og on mordiff, now on lmaubo
2024-10-14 10:07:21,496 - Eval_-1_save_embeddings - INFO - saving train embeddings for teacher og on mipgan2, now on mordiff
2024-10-14 10:07:22,740 - Eval_-1_save_embeddings - INFO - saving train embeddings for teacher og on lmaubo, now on lma
2024-10-14 10:07:28,089 - Eval_-1_save_embeddings - INFO - saving train embeddings for teacher og on mordiff, now on mipgan2
2024-10-14 10:07:38,464 - Eval_-1_save_embeddings - INFO - saving test embeddings for teacher og on mipgan2, now on mordiff
2024-10-14 10:07:39,932 - Eval_-1_save_embeddings - INFO - saving test embeddings for teacher og on lmaubo, now on lma
2024-10-14 10:07:41,866 - Eval_-1_save_embeddings - INFO - saving test embeddings for teacher og on mordiff, now on mipgan2
2024-10-14 10:07:55,981 - Eval_-1_save_embeddings - INFO - saving train embeddings for teacher og on lmaubo, now on post_process
2024-10-14 10:07:56,232 - Eval_-1_save_embeddings - INFO - saving train embeddings for teacher og on mipgan2, now on pipe
2024-10-14 10:07:59,041 - Eval_-1_save_embeddings - INFO - saving train embeddings for teacher og on mordiff, now on mordiff
2024-10-14 10:08:06,369 - Eval_-1_save_embeddings - INFO - saving test embeddings for teacher og on lmaubo, now on post_process
2024-10-14 10:08:11,253 - Eval_-1_save_embeddings - INFO - saving test embeddings for teacher og on mipgan2, now on pipe
2024-10-14 10:08:12,613 - Eval_-1_save_embeddings - INFO - saving test embeddings for teacher og on mordiff, now on mordiff
2024-10-14 10:08:18,335 - Eval_-1_save_embeddings - INFO - saving train embeddings for teacher og on pipe, now on lmaubo
2024-10-14 10:08:31,317 - Eval_-1_save_embeddings - INFO - saving train embeddings for teacher og on pipe, now on stylegan
2024-10-14 10:08:33,140 - Eval_-1_save_embeddings - INFO - saving train embeddings for teacher og on mordiff, now on pipe
2024-10-14 10:08:34,676 - Eval_-1_save_embeddings - INFO - saving test embeddings for teacher og on pipe, now on lmaubo
2024-10-14 10:08:44,662 - Eval_-1_save_embeddings - INFO - saving test embeddings for teacher og on pipe, now on stylegan
2024-10-14 10:08:47,426 - Eval_-1_save_embeddings - INFO - saving test embeddings for teacher og on mordiff, now on pipe
2024-10-14 10:08:50,021 - Eval_-1_save_embeddings - INFO - saving train embeddings for teacher og on pipe, now on mipgan2
2024-10-14 10:09:02,168 - Eval_-1_save_embeddings - INFO - saving train embeddings for teacher og on pipe, now on Morphing_Diffusion_2024
2024-10-14 10:09:06,832 - Eval_-1_save_embeddings - INFO - saving test embeddings for teacher og on pipe, now on mipgan2
2024-10-14 10:09:08,109 - Eval_-1_save_embeddings - INFO - saving train embeddings for teacher og on mordiff, now on lma
2024-10-14 10:09:13,716 - Eval_-1_save_embeddings - INFO - saving test embeddings for teacher og on pipe, now on Morphing_Diffusion_2024
2024-10-14 10:09:21,942 - Eval_-1_save_embeddings - INFO - saving test embeddings for teacher og on mordiff, now on lma
2024-10-14 10:09:24,638 - Eval_-1_save_embeddings - INFO - saving train embeddings for teacher og on pipe, now on mordiff
2024-10-14 10:09:28,475 - Eval_-1_save_embeddings - INFO - saving train embeddings for teacher og on lma, now on lmaubo
2024-10-14 10:09:37,869 - Eval_-1_save_embeddings - INFO - saving train embeddings for teacher og on mordiff, now on post_process
2024-10-14 10:09:40,196 - Eval_-1_save_embeddings - INFO - saving test embeddings for teacher og on pipe, now on mordiff
2024-10-14 10:09:42,870 - Eval_-1_save_embeddings - INFO - saving test embeddings for teacher og on lma, now on lmaubo
2024-10-14 10:09:44,804 - Eval_-1_save_embeddings - INFO - saving test embeddings for teacher og on mordiff, now on post_process
2024-10-14 10:09:55,117 - Eval_-1_save_embeddings - INFO - saving train embeddings for teacher og on pipe, now on pipe
2024-10-14 10:10:03,076 - Eval_-1_save_embeddings - INFO - saving train embeddings for teacher og on lma, now on mipgan2
2024-10-14 10:10:05,116 - Eval_-1_save_embeddings - INFO - saving train embeddings for teacher og on mordiff, now on stylegan
2024-10-14 10:10:10,457 - Eval_-1_save_embeddings - INFO - saving test embeddings for teacher og on pipe, now on pipe
2024-10-14 10:10:16,580 - Eval_-1_save_embeddings - INFO - saving test embeddings for teacher og on lma, now on mipgan2
2024-10-14 10:10:19,520 - Eval_-1_save_embeddings - INFO - saving test embeddings for teacher og on mordiff, now on stylegan
2024-10-14 10:10:23,630 - Eval_-1_save_embeddings - INFO - saving train embeddings for teacher og on pipe, now on lma
2024-10-14 10:10:33,662 - Eval_-1_save_embeddings - INFO - saving train embeddings for teacher og on lma, now on mordiff
2024-10-14 10:10:40,132 - Eval_-1_save_embeddings - INFO - saving train embeddings for teacher og on mordiff, now on Morphing_Diffusion_2024
2024-10-14 10:10:40,796 - Eval_-1_save_embeddings - INFO - saving test embeddings for teacher og on pipe, now on lma
2024-10-14 10:10:45,551 - Eval_-1_save_embeddings - INFO - saving test embeddings for teacher og on lma, now on mordiff
2024-10-14 10:10:51,585 - Eval_-1_save_embeddings - INFO - saving test embeddings for teacher og on mordiff, now on Morphing_Diffusion_2024
2024-10-14 10:10:53,585 - Eval_-1_save_embeddings - INFO - saving train embeddings for teacher og on pipe, now on post_process
2024-10-14 10:11:00,953 - Eval_-1_save_embeddings - INFO - saving train embeddings for teacher og on lma, now on pipe
2024-10-14 10:11:03,353 - Eval_-1_save_embeddings - INFO - saving test embeddings for teacher og on pipe, now on post_process
2024-10-14 10:11:08,947 - Eval_-1_save_embeddings - INFO - saving train embeddings for teacher og on lma, now on lma
2024-10-14 10:11:13,276 - Eval_-1_save_embeddings - INFO - saving test embeddings for teacher og on lma, now on pipe
2024-10-14 10:11:17,100 - Eval_-1_save_embeddings - INFO - saving train embeddings for teacher og on post_process, now on mordiff
2024-10-14 10:11:19,536 - Eval_-1_save_embeddings - INFO - saving test embeddings for teacher og on lma, now on lma
2024-10-14 10:11:25,882 - Eval_-1_save_embeddings - INFO - saving test embeddings for teacher og on post_process, now on mordiff
2024-10-14 10:11:29,859 - Eval_-1_save_embeddings - INFO - saving train embeddings for teacher og on stylegan, now on lmaubo
2024-10-14 10:11:31,363 - Eval_-1_save_embeddings - INFO - saving train embeddings for teacher og on lma, now on post_process
2024-10-14 10:11:41,546 - Eval_-1_save_embeddings - INFO - saving train embeddings for teacher og on post_process, now on pipe
2024-10-14 10:11:42,872 - Eval_-1_save_embeddings - INFO - saving test embeddings for teacher og on lma, now on post_process
2024-10-14 10:11:44,339 - Eval_-1_save_embeddings - INFO - saving test embeddings for teacher og on stylegan, now on lmaubo
2024-10-14 10:11:47,105 - Eval_-1_save_embeddings - INFO - saving test embeddings for teacher og on post_process, now on pipe
2024-10-14 10:12:00,242 - Eval_-1_save_embeddings - INFO - saving train embeddings for teacher og on lma, now on stylegan
2024-10-14 10:12:02,854 - Eval_-1_save_embeddings - INFO - saving train embeddings for teacher og on post_process, now on lma
2024-10-14 10:12:03,504 - Eval_-1_save_embeddings - INFO - saving train embeddings for teacher og on stylegan, now on mipgan2
2024-10-14 10:12:12,771 - Eval_-1_save_embeddings - INFO - saving test embeddings for teacher og on lma, now on stylegan
2024-10-14 10:12:13,924 - Eval_-1_save_embeddings - INFO - saving test embeddings for teacher og on post_process, now on lma
2024-10-14 10:12:16,417 - Eval_-1_save_embeddings - INFO - saving test embeddings for teacher og on stylegan, now on mipgan2
2024-10-14 10:12:29,262 - Eval_-1_save_embeddings - INFO - saving train embeddings for teacher og on post_process, now on post_process
2024-10-14 10:12:30,583 - Eval_-1_save_embeddings - INFO - saving train embeddings for teacher og on lma, now on Morphing_Diffusion_2024
2024-10-14 10:12:34,935 - Eval_-1_save_embeddings - INFO - saving train embeddings for teacher og on stylegan, now on mordiff
2024-10-14 10:12:39,194 - Eval_-1_save_embeddings - INFO - saving test embeddings for teacher og on post_process, now on post_process
2024-10-14 10:12:44,250 - Eval_-1_save_embeddings - INFO - saving test embeddings for teacher og on lma, now on Morphing_Diffusion_2024
2024-10-14 10:12:47,145 - Eval_-1_save_embeddings - INFO - saving test embeddings for teacher og on stylegan, now on mordiff
2024-10-14 10:12:49,752 - Eval_-1_save_embeddings - INFO - saving train embeddings for teacher og on post_process, now on stylegan
2024-10-14 10:12:56,112 - Eval_-1_save_embeddings - INFO - saving train embeddings for teacher og on post_process, now on lmaubo
2024-10-14 10:12:59,814 - Eval_-1_save_embeddings - INFO - saving test embeddings for teacher og on post_process, now on stylegan
2024-10-14 10:13:05,242 - Eval_-1_save_embeddings - INFO - saving test embeddings for teacher og on post_process, now on lmaubo
2024-10-14 10:13:05,286 - Eval_-1_save_embeddings - INFO - saving train embeddings for teacher og on stylegan, now on pipe
2024-10-14 10:13:11,321 - Eval_-1_save_embeddings - INFO - saving train embeddings for teacher og on post_process, now on Morphing_Diffusion_2024
2024-10-14 10:13:20,134 - Eval_-1_save_embeddings - INFO - saving test embeddings for teacher og on stylegan, now on pipe
2024-10-14 10:13:20,799 - Eval_-1_save_embeddings - INFO - saving train embeddings for teacher og on post_process, now on mipgan2
2024-10-14 10:13:21,469 - Eval_-1_save_embeddings - INFO - saving test embeddings for teacher og on post_process, now on Morphing_Diffusion_2024
2024-10-14 10:13:26,226 - Eval_-1_save_embeddings - INFO - saving test embeddings for teacher og on post_process, now on mipgan2
2024-10-14 10:13:37,821 - Eval_-1_save_embeddings - INFO - saving train embeddings for teacher og on stylegan, now on lma
2024-10-14 10:13:40,477 - Eval_-1_save_embeddings - INFO - saving train embeddings for teacher og on stylegan, now on stylegan
2024-10-14 10:13:45,427 - Eval_-1_save_embeddings - INFO - saving train embeddings for teacher og on Morphing_Diffusion_2024, now on lma
2024-10-14 10:13:54,015 - Eval_-1_save_embeddings - INFO - saving test embeddings for teacher og on stylegan, now on lma
2024-10-14 10:13:56,466 - Eval_-1_save_embeddings - INFO - saving test embeddings for teacher og on stylegan, now on stylegan
2024-10-14 10:13:58,453 - Eval_-1_save_embeddings - INFO - saving test embeddings for teacher og on Morphing_Diffusion_2024, now on lma
2024-10-14 10:14:05,523 - Eval_-1_save_embeddings - INFO - saving train embeddings for teacher og on stylegan, now on post_process
2024-10-14 10:14:13,971 - Eval_-1_save_embeddings - INFO - saving train embeddings for teacher og on Morphing_Diffusion_2024, now on post_process
2024-10-14 10:14:15,651 - Eval_-1_save_embeddings - INFO - saving train embeddings for teacher og on stylegan, now on Morphing_Diffusion_2024
2024-10-14 10:14:16,006 - Eval_-1_save_embeddings - INFO - saving test embeddings for teacher og on stylegan, now on post_process
2024-10-14 10:14:20,731 - Eval_-1_save_embeddings - INFO - saving test embeddings for teacher og on Morphing_Diffusion_2024, now on post_process
2024-10-14 10:14:24,599 - Eval_-1_save_embeddings - INFO - saving test embeddings for teacher og on stylegan, now on Morphing_Diffusion_2024
2024-10-14 10:14:32,363 - Eval_-1_save_embeddings - INFO - saving train embeddings for teacher og on Morphing_Diffusion_2024, now on stylegan
2024-10-14 10:14:38,558 - Eval_-1_save_embeddings - INFO - saving train embeddings for teacher og on Morphing_Diffusion_2024, now on lmaubo
2024-10-14 10:14:42,745 - Eval_-1_save_embeddings - INFO - saving test embeddings for teacher og on Morphing_Diffusion_2024, now on stylegan
2024-10-14 10:14:46,971 - Eval_-1_save_embeddings - INFO - saving test embeddings for teacher og on Morphing_Diffusion_2024, now on lmaubo
2024-10-14 10:14:53,146 - Eval_-1_save_embeddings - INFO - saving train embeddings for teacher og on Morphing_Diffusion_2024, now on Morphing_Diffusion_2024
2024-10-14 10:15:01,125 - Eval_-1_save_embeddings - INFO - saving train embeddings for teacher og on Morphing_Diffusion_2024, now on mipgan2
2024-10-14 10:15:03,668 - Eval_-1_save_embeddings - INFO - saving test embeddings for teacher og on Morphing_Diffusion_2024, now on Morphing_Diffusion_2024
2024-10-14 10:15:08,600 - Eval_-1_save_embeddings - INFO - saving test embeddings for teacher og on Morphing_Diffusion_2024, now on mipgan2
2024-10-14 10:15:18,583 - Eval_-1_save_embeddings - INFO - saving train embeddings for teacher og on Morphing_Diffusion_2024, now on mordiff
2024-10-14 10:15:24,995 - Eval_-1_save_embeddings - INFO - saving test embeddings for teacher og on Morphing_Diffusion_2024, now on mordiff
2024-10-14 10:15:35,072 - Eval_-1_save_embeddings - INFO - saving train embeddings for teacher og on Morphing_Diffusion_2024, now on pipe
2024-10-14 10:15:41,602 - Eval_-1_save_embeddings - INFO - saving test embeddings for teacher og on Morphing_Diffusion_2024, now on pipe
